<?xml version="1.0" encoding="UTF-8"?>
<coverage generated="1760430658147" clover="3.2.0">
  <project timestamp="1760430658147" name="All files">
    <metrics statements="79" coveredstatements="79" conditionals="107" coveredconditionals="95" methods="5" coveredmethods="5" elements="191" coveredelements="179" complexity="0" loc="79" ncloc="79" packages="2" files="2" classes="2"/>
    <package name="credentials">
      <metrics statements="6" coveredstatements="6" conditionals="0" coveredconditionals="0" methods="1" coveredmethods="1"/>
      <file name="AdyntelApi.credentials.ts" path="/Users/andreibaloleanu/adyntel-n8n-new/credentials/AdyntelApi.credentials.ts">
        <metrics statements="6" coveredstatements="6" conditionals="0" coveredconditionals="0" methods="1" coveredmethods="1"/>
        <line num="7" count="1" type="stmt"/>
        <line num="8" count="12" type="stmt"/>
        <line num="9" count="12" type="stmt"/>
        <line num="12" count="12" type="stmt"/>
        <line num="13" count="12" type="stmt"/>
        <line num="28" count="12" type="stmt"/>
      </file>
    </package>
    <package name="nodes.Adyntel">
      <metrics statements="73" coveredstatements="73" conditionals="107" coveredconditionals="95" methods="4" coveredmethods="4"/>
      <file name="Adyntel.node.ts" path="/Users/andreibaloleanu/adyntel-n8n-new/nodes/Adyntel/Adyntel.node.ts">
        <metrics statements="73" coveredstatements="73" conditionals="107" coveredconditionals="95" methods="4" coveredmethods="4"/>
        <line num="1" count="1" type="stmt"/>
        <line num="11" count="8" type="cond" truecount="2" falsecount="0"/>
        <line num="12" count="1" type="stmt"/>
        <line num="16" count="7" type="cond" truecount="5" falsecount="0"/>
        <line num="17" count="1" type="cond" truecount="4" falsecount="2"/>
        <line num="21" count="6" type="cond" truecount="4" falsecount="0"/>
        <line num="22" count="1" type="cond" truecount="4" falsecount="2"/>
        <line num="26" count="5" type="cond" truecount="4" falsecount="0"/>
        <line num="27" count="1" type="cond" truecount="4" falsecount="2"/>
        <line num="31" count="4" type="cond" truecount="5" falsecount="0"/>
        <line num="32" count="1" type="stmt"/>
        <line num="36" count="3" type="cond" truecount="4" falsecount="0"/>
        <line num="37" count="1" type="cond" truecount="4" falsecount="2"/>
        <line num="41" count="2" type="cond" truecount="2" falsecount="0"/>
        <line num="42" count="1" type="cond" truecount="4" falsecount="2"/>
        <line num="46" count="1" type="stmt"/>
        <line num="49" count="1" type="stmt"/>
        <line num="50" count="29" type="stmt"/>
        <line num="238" count="20" type="stmt"/>
        <line num="239" count="20" type="stmt"/>
        <line num="240" count="20" type="stmt"/>
        <line num="242" count="20" type="stmt"/>
        <line num="243" count="21" type="stmt"/>
        <line num="244" count="21" type="stmt"/>
        <line num="246" count="21" type="cond" truecount="1" falsecount="1"/>
        <line num="247" count="21" type="stmt"/>
        <line num="248" count="21" type="stmt"/>
        <line num="251" count="21" type="stmt"/>
        <line num="257" count="21" type="cond" truecount="2" falsecount="0"/>
        <line num="258" count="17" type="stmt"/>
        <line num="261" count="17" type="cond" truecount="4" falsecount="0"/>
        <line num="262" count="1" type="stmt"/>
        <line num="269" count="16" type="stmt"/>
        <line num="270" count="4" type="cond" truecount="1" falsecount="1"/>
        <line num="271" count="4" type="stmt"/>
        <line num="274" count="4" type="cond" truecount="4" falsecount="0"/>
        <line num="275" count="1" type="stmt"/>
        <line num="282" count="3" type="stmt"/>
        <line num="283" count="3" type="cond" truecount="2" falsecount="0"/>
        <line num="284" count="1" type="stmt"/>
        <line num="291" count="2" type="stmt"/>
        <line num="295" count="18" type="cond" truecount="4" falsecount="0"/>
        <line num="296" count="1" type="stmt"/>
        <line num="299" count="18" type="cond" truecount="4" falsecount="0"/>
        <line num="300" count="1" type="stmt"/>
        <line num="303" count="18" type="cond" truecount="4" falsecount="0"/>
        <line num="304" count="1" type="stmt"/>
        <line num="307" count="18" type="cond" truecount="4" falsecount="0"/>
        <line num="308" count="1" type="stmt"/>
        <line num="311" count="18" type="cond" truecount="4" falsecount="0"/>
        <line num="312" count="1" type="stmt"/>
        <line num="317" count="18" type="stmt"/>
        <line num="318" count="18" type="stmt"/>
        <line num="321" count="18" type="stmt"/>
        <line num="322" count="29" type="stmt"/>
        <line num="323" count="29" type="stmt"/>
        <line num="333" count="10" type="stmt"/>
        <line num="335" count="19" type="stmt"/>
        <line num="338" count="19" type="cond" truecount="7" falsecount="0"/>
        <line num="344" count="19" type="cond" truecount="4" falsecount="0"/>
        <line num="346" count="8" type="stmt"/>
        <line num="350" count="11" type="stmt"/>
        <line num="351" count="11" type="stmt"/>
        <line num="352" count="11" type="stmt"/>
        <line num="356" count="18" type="cond" truecount="2" falsecount="0"/>
        <line num="358" count="8" type="stmt"/>
        <line num="359" count="8" type="stmt"/>
        <line num="367" count="10" type="stmt"/>
        <line num="373" count="11" type="cond" truecount="2" falsecount="0"/>
        <line num="374" count="1" type="stmt"/>
        <line num="380" count="1" type="stmt"/>
        <line num="382" count="10" type="stmt"/>
        <line num="386" count="10" type="stmt"/>
      </file>
    </package>
  </project>
</coverage>
