{"/Users/andreibaloleanu/adyntel-n8n-new/credentials/AdyntelApi.credentials.ts": {"path":"/Users/andreibaloleanu/adyntel-n8n-new/credentials/AdyntelApi.credentials.ts","statementMap":{"0":{"start":{"line":8,"column":1},"end":{"line":8,"column":21}},"1":{"start":{"line":9,"column":1},"end":{"line":9,"column":29}},"2":{"start":{"line":12,"column":1},"end":{"line":12,"column":47}},"3":{"start":{"line":13,"column":1},"end":{"line":27,"column":3}},"4":{"start":{"line":28,"column":1},"end":{"line":36,"column":3}},"5":{"start":{"line":7,"column":0},"end":{"line":7,"column":13}}},"fnMap":{"0":{"name":"(anonymous_0)","decl":{"start":{"line":7,"column":0},"end":{"line":7,"column":13}},"loc":{"start":{"line":7,"column":0},"end":{"line":37,"column":1}}}},"branchMap":{},"s":{"0":12,"1":12,"2":12,"3":12,"4":12,"5":1},"f":{"0":12},"b":{}}
,"/Users/andreibaloleanu/adyntel-n8n-new/nodes/Adyntel/Adyntel.node.ts": {"path":"/Users/andreibaloleanu/adyntel-n8n-new/nodes/Adyntel/Adyntel.node.ts","statementMap":{"0":{"start":{"line":1,"column":0},"end":{"line":1,"column":null}},"1":{"start":{"line":11,"column":1},"end":{"line":13,"column":2}},"2":{"start":{"line":12,"column":2},"end":{"line":12,"column":34}},"3":{"start":{"line":16,"column":1},"end":{"line":18,"column":2}},"4":{"start":{"line":17,"column":2},"end":{"line":17,"column":141}},"5":{"start":{"line":21,"column":1},"end":{"line":23,"column":2}},"6":{"start":{"line":22,"column":2},"end":{"line":22,"column":132}},"7":{"start":{"line":26,"column":1},"end":{"line":28,"column":2}},"8":{"start":{"line":27,"column":2},"end":{"line":27,"column":119}},"9":{"start":{"line":31,"column":1},"end":{"line":33,"column":2}},"10":{"start":{"line":32,"column":2},"end":{"line":32,"column":139}},"11":{"start":{"line":36,"column":1},"end":{"line":38,"column":2}},"12":{"start":{"line":37,"column":2},"end":{"line":37,"column":122}},"13":{"start":{"line":41,"column":1},"end":{"line":43,"column":2}},"14":{"start":{"line":42,"column":2},"end":{"line":42,"column":98}},"15":{"start":{"line":46,"column":1},"end":{"line":46,"column":34}},"16":{"start":{"line":50,"column":1},"end":{"line":235,"column":3}},"17":{"start":{"line":238,"column":16},"end":{"line":238,"column":35}},"18":{"start":{"line":239,"column":43},"end":{"line":239,"column":45}},"19":{"start":{"line":240,"column":22},"end":{"line":240,"column":61}},"20":{"start":{"line":242,"column":2},"end":{"line":384,"column":3}},"21":{"start":{"line":242,"column":15},"end":{"line":242,"column":16}},"22":{"start":{"line":243,"column":3},"end":{"line":383,"column":4}},"23":{"start":{"line":244,"column":22},"end":{"line":244,"column":69}},"24":{"start":{"line":246,"column":4},"end":{"line":371,"column":5}},"25":{"start":{"line":247,"column":24},"end":{"line":247,"column":72}},"26":{"start":{"line":248,"column":31},"end":{"line":248,"column":87}},"27":{"start":{"line":251,"column":23},"end":{"line":254,"column":7}},"28":{"start":{"line":257,"column":5},"end":{"line":292,"column":6}},"29":{"start":{"line":258,"column":28},"end":{"line":258,"column":79}},"30":{"start":{"line":261,"column":6},"end":{"line":267,"column":7}},"31":{"start":{"line":262,"column":7},"end":{"line":266,"column":9}},"32":{"start":{"line":269,"column":6},"end":{"line":269,"column":49}},"33":{"start":{"line":270,"column":12},"end":{"line":292,"column":6}},"34":{"start":{"line":271,"column":26},"end":{"line":271,"column":75}},"35":{"start":{"line":274,"column":6},"end":{"line":280,"column":7}},"36":{"start":{"line":275,"column":7},"end":{"line":279,"column":9}},"37":{"start":{"line":282,"column":25},"end":{"line":282,"column":43}},"38":{"start":{"line":283,"column":6},"end":{"line":289,"column":7}},"39":{"start":{"line":284,"column":7},"end":{"line":288,"column":9}},"40":{"start":{"line":291,"column":6},"end":{"line":291,"column":37}},"41":{"start":{"line":295,"column":5},"end":{"line":297,"column":6}},"42":{"start":{"line":296,"column":6},"end":{"line":296,"column":62}},"43":{"start":{"line":299,"column":5},"end":{"line":301,"column":6}},"44":{"start":{"line":300,"column":6},"end":{"line":300,"column":76}},"45":{"start":{"line":303,"column":5},"end":{"line":305,"column":6}},"46":{"start":{"line":304,"column":6},"end":{"line":304,"column":53}},"47":{"start":{"line":307,"column":5},"end":{"line":309,"column":6}},"48":{"start":{"line":308,"column":6},"end":{"line":308,"column":64}},"49":{"start":{"line":311,"column":5},"end":{"line":313,"column":6}},"50":{"start":{"line":312,"column":6},"end":{"line":312,"column":59}},"51":{"start":{"line":317,"column":22},"end":{"line":317,"column":23}},"52":{"start":{"line":318,"column":24},"end":{"line":318,"column":25}},"53":{"start":{"line":321,"column":5},"end":{"line":354,"column":6}},"54":{"start":{"line":322,"column":6},"end":{"line":353,"column":6}},"55":{"start":{"line":323,"column":7},"end":{"line":332,"column":10}},"56":{"start":{"line":333,"column":7},"end":{"line":333,"column":13}},"57":{"start":{"line":335,"column":6},"end":{"line":335,"column":24}},"58":{"start":{"line":338,"column":26},"end":{"line":342,"column":57}},"59":{"start":{"line":344,"column":6},"end":{"line":347,"column":7}},"60":{"start":{"line":346,"column":7},"end":{"line":346,"column":13}},"61":{"start":{"line":350,"column":6},"end":{"line":350,"column":19}},"62":{"start":{"line":351,"column":23},"end":{"line":351,"column":53}},"63":{"start":{"line":352,"column":6},"end":{"line":352,"column":66}},"64":{"start":{"line":352,"column":35},"end":{"line":352,"column":64}},"65":{"start":{"line":356,"column":5},"end":{"line":364,"column":6}},"66":{"start":{"line":358,"column":27},"end":{"line":358,"column":53}},"67":{"start":{"line":359,"column":6},"end":{"line":363,"column":8}},"68":{"start":{"line":367,"column":5},"end":{"line":370,"column":8}},"69":{"start":{"line":373,"column":4},"end":{"line":381,"column":5}},"70":{"start":{"line":374,"column":5},"end":{"line":379,"column":8}},"71":{"start":{"line":380,"column":5},"end":{"line":380,"column":14}},"72":{"start":{"line":382,"column":4},"end":{"line":382,"column":16}},"73":{"start":{"line":386,"column":2},"end":{"line":386,"column":22}},"74":{"start":{"line":49,"column":0},"end":{"line":49,"column":13}}},"fnMap":{"0":{"name":"getErrorMessage","decl":{"start":{"line":10,"column":9},"end":{"line":10,"column":24}},"loc":{"start":{"line":10,"column":35},"end":{"line":47,"column":1}}},"1":{"name":"(anonymous_1)","decl":{"start":{"line":49,"column":0},"end":{"line":49,"column":13}},"loc":{"start":{"line":49,"column":0},"end":{"line":388,"column":1}}},"2":{"name":"(anonymous_2)","decl":{"start":{"line":237,"column":1},"end":{"line":237,"column":6}},"loc":{"start":{"line":237,"column":14},"end":{"line":387,"column":2}}},"3":{"name":"(anonymous_3)","decl":{"start":{"line":352,"column":24},"end":{"line":352,"column":31}},"loc":{"start":{"line":352,"column":35},"end":{"line":352,"column":64}}}},"branchMap":{"0":{"loc":{"start":{"line":11,"column":1},"end":{"line":13,"column":2}},"type":"if","locations":[{"start":{"line":11,"column":1},"end":{"line":13,"column":2}},{"start":{},"end":{}}]},"1":{"loc":{"start":{"line":16,"column":1},"end":{"line":18,"column":2}},"type":"if","locations":[{"start":{"line":16,"column":1},"end":{"line":18,"column":2}},{"start":{},"end":{}}]},"2":{"loc":{"start":{"line":16,"column":5},"end":{"line":16,"column":87}},"type":"binary-expr","locations":[{"start":{"line":16,"column":5},"end":{"line":16,"column":19}},{"start":{"line":16,"column":24},"end":{"line":16,"column":53}},{"start":{"line":16,"column":57},"end":{"line":16,"column":86}}]},"3":{"loc":{"start":{"line":17,"column":94},"end":{"line":17,"column":139}},"type":"binary-expr","locations":[{"start":{"line":17,"column":94},"end":{"line":17,"column":122}},{"start":{"line":17,"column":126},"end":{"line":17,"column":139}}]},"4":{"loc":{"start":{"line":17,"column":94},"end":{"line":17,"column":122}},"type":"cond-expr","locations":[{"start":{"line":17,"column":113},"end":{"line":17,"column":115}},{"start":{"line":17,"column":113},"end":{"line":17,"column":122}}]},"5":{"loc":{"start":{"line":17,"column":94},"end":{"line":17,"column":115}},"type":"binary-expr","locations":[{"start":{"line":17,"column":94},"end":{"line":17,"column":115}},{"start":{"line":17,"column":113},"end":{"line":17,"column":115}}]},"6":{"loc":{"start":{"line":21,"column":1},"end":{"line":23,"column":2}},"type":"if","locations":[{"start":{"line":21,"column":1},"end":{"line":23,"column":2}},{"start":{},"end":{}}]},"7":{"loc":{"start":{"line":21,"column":5},"end":{"line":21,"column":52}},"type":"binary-expr","locations":[{"start":{"line":21,"column":5},"end":{"line":21,"column":19}},{"start":{"line":21,"column":23},"end":{"line":21,"column":52}}]},"8":{"loc":{"start":{"line":22,"column":85},"end":{"line":22,"column":130}},"type":"binary-expr","locations":[{"start":{"line":22,"column":85},"end":{"line":22,"column":113}},{"start":{"line":22,"column":117},"end":{"line":22,"column":130}}]},"9":{"loc":{"start":{"line":22,"column":85},"end":{"line":22,"column":113}},"type":"cond-expr","locations":[{"start":{"line":22,"column":104},"end":{"line":22,"column":106}},{"start":{"line":22,"column":104},"end":{"line":22,"column":113}}]},"10":{"loc":{"start":{"line":22,"column":85},"end":{"line":22,"column":106}},"type":"binary-expr","locations":[{"start":{"line":22,"column":85},"end":{"line":22,"column":106}},{"start":{"line":22,"column":104},"end":{"line":22,"column":106}}]},"11":{"loc":{"start":{"line":26,"column":1},"end":{"line":28,"column":2}},"type":"if","locations":[{"start":{"line":26,"column":1},"end":{"line":28,"column":2}},{"start":{},"end":{}}]},"12":{"loc":{"start":{"line":26,"column":5},"end":{"line":26,"column":51}},"type":"binary-expr","locations":[{"start":{"line":26,"column":5},"end":{"line":26,"column":19}},{"start":{"line":26,"column":23},"end":{"line":26,"column":51}}]},"13":{"loc":{"start":{"line":27,"column":72},"end":{"line":27,"column":117}},"type":"binary-expr","locations":[{"start":{"line":27,"column":72},"end":{"line":27,"column":100}},{"start":{"line":27,"column":104},"end":{"line":27,"column":117}}]},"14":{"loc":{"start":{"line":27,"column":72},"end":{"line":27,"column":100}},"type":"cond-expr","locations":[{"start":{"line":27,"column":91},"end":{"line":27,"column":93}},{"start":{"line":27,"column":91},"end":{"line":27,"column":100}}]},"15":{"loc":{"start":{"line":27,"column":72},"end":{"line":27,"column":93}},"type":"binary-expr","locations":[{"start":{"line":27,"column":72},"end":{"line":27,"column":93}},{"start":{"line":27,"column":91},"end":{"line":27,"column":93}}]},"16":{"loc":{"start":{"line":31,"column":1},"end":{"line":33,"column":2}},"type":"if","locations":[{"start":{"line":31,"column":1},"end":{"line":33,"column":2}},{"start":{},"end":{}}]},"17":{"loc":{"start":{"line":31,"column":5},"end":{"line":31,"column":92}},"type":"binary-expr","locations":[{"start":{"line":31,"column":5},"end":{"line":31,"column":31}},{"start":{"line":31,"column":35},"end":{"line":31,"column":62}},{"start":{"line":31,"column":66},"end":{"line":31,"column":92}}]},"18":{"loc":{"start":{"line":36,"column":1},"end":{"line":38,"column":2}},"type":"if","locations":[{"start":{"line":36,"column":1},"end":{"line":38,"column":2}},{"start":{},"end":{}}]},"19":{"loc":{"start":{"line":36,"column":5},"end":{"line":36,"column":52}},"type":"binary-expr","locations":[{"start":{"line":36,"column":5},"end":{"line":36,"column":19}},{"start":{"line":36,"column":23},"end":{"line":36,"column":52}}]},"20":{"loc":{"start":{"line":37,"column":75},"end":{"line":37,"column":120}},"type":"binary-expr","locations":[{"start":{"line":37,"column":75},"end":{"line":37,"column":103}},{"start":{"line":37,"column":107},"end":{"line":37,"column":120}}]},"21":{"loc":{"start":{"line":37,"column":75},"end":{"line":37,"column":103}},"type":"cond-expr","locations":[{"start":{"line":37,"column":94},"end":{"line":37,"column":96}},{"start":{"line":37,"column":94},"end":{"line":37,"column":103}}]},"22":{"loc":{"start":{"line":37,"column":75},"end":{"line":37,"column":96}},"type":"binary-expr","locations":[{"start":{"line":37,"column":75},"end":{"line":37,"column":96}},{"start":{"line":37,"column":94},"end":{"line":37,"column":96}}]},"23":{"loc":{"start":{"line":41,"column":1},"end":{"line":43,"column":2}},"type":"if","locations":[{"start":{"line":41,"column":1},"end":{"line":43,"column":2}},{"start":{},"end":{}}]},"24":{"loc":{"start":{"line":42,"column":50},"end":{"line":42,"column":95}},"type":"binary-expr","locations":[{"start":{"line":42,"column":50},"end":{"line":42,"column":78}},{"start":{"line":42,"column":82},"end":{"line":42,"column":95}}]},"25":{"loc":{"start":{"line":42,"column":50},"end":{"line":42,"column":78}},"type":"cond-expr","locations":[{"start":{"line":42,"column":69},"end":{"line":42,"column":71}},{"start":{"line":42,"column":69},"end":{"line":42,"column":78}}]},"26":{"loc":{"start":{"line":42,"column":50},"end":{"line":42,"column":71}},"type":"binary-expr","locations":[{"start":{"line":42,"column":50},"end":{"line":42,"column":71}},{"start":{"line":42,"column":69},"end":{"line":42,"column":71}}]},"27":{"loc":{"start":{"line":246,"column":4},"end":{"line":371,"column":5}},"type":"if","locations":[{"start":{"line":246,"column":4},"end":{"line":371,"column":5}},{"start":{},"end":{}}]},"28":{"loc":{"start":{"line":257,"column":5},"end":{"line":292,"column":6}},"type":"if","locations":[{"start":{"line":257,"column":5},"end":{"line":292,"column":6}},{"start":{"line":270,"column":12},"end":{"line":292,"column":6}}]},"29":{"loc":{"start":{"line":261,"column":6},"end":{"line":267,"column":7}},"type":"if","locations":[{"start":{"line":261,"column":6},"end":{"line":267,"column":7}},{"start":{},"end":{}}]},"30":{"loc":{"start":{"line":261,"column":10},"end":{"line":261,"column":55}},"type":"binary-expr","locations":[{"start":{"line":261,"column":10},"end":{"line":261,"column":24}},{"start":{"line":261,"column":28},"end":{"line":261,"column":55}}]},"31":{"loc":{"start":{"line":270,"column":12},"end":{"line":292,"column":6}},"type":"if","locations":[{"start":{"line":270,"column":12},"end":{"line":292,"column":6}},{"start":{},"end":{}}]},"32":{"loc":{"start":{"line":274,"column":6},"end":{"line":280,"column":7}},"type":"if","locations":[{"start":{"line":274,"column":6},"end":{"line":280,"column":7}},{"start":{},"end":{}}]},"33":{"loc":{"start":{"line":274,"column":10},"end":{"line":274,"column":51}},"type":"binary-expr","locations":[{"start":{"line":274,"column":10},"end":{"line":274,"column":22}},{"start":{"line":274,"column":26},"end":{"line":274,"column":51}}]},"34":{"loc":{"start":{"line":283,"column":6},"end":{"line":289,"column":7}},"type":"if","locations":[{"start":{"line":283,"column":6},"end":{"line":289,"column":7}},{"start":{},"end":{}}]},"35":{"loc":{"start":{"line":295,"column":5},"end":{"line":297,"column":6}},"type":"if","locations":[{"start":{"line":295,"column":5},"end":{"line":297,"column":6}},{"start":{},"end":{}}]},"36":{"loc":{"start":{"line":295,"column":9},"end":{"line":295,"column":85}},"type":"binary-expr","locations":[{"start":{"line":295,"column":9},"end":{"line":295,"column":38}},{"start":{"line":295,"column":42},"end":{"line":295,"column":85}}]},"37":{"loc":{"start":{"line":299,"column":5},"end":{"line":301,"column":6}},"type":"if","locations":[{"start":{"line":299,"column":5},"end":{"line":301,"column":6}},{"start":{},"end":{}}]},"38":{"loc":{"start":{"line":299,"column":9},"end":{"line":299,"column":99}},"type":"binary-expr","locations":[{"start":{"line":299,"column":9},"end":{"line":299,"column":45}},{"start":{"line":299,"column":49},"end":{"line":299,"column":99}}]},"39":{"loc":{"start":{"line":303,"column":5},"end":{"line":305,"column":6}},"type":"if","locations":[{"start":{"line":303,"column":5},"end":{"line":305,"column":6}},{"start":{},"end":{}}]},"40":{"loc":{"start":{"line":303,"column":9},"end":{"line":303,"column":76}},"type":"binary-expr","locations":[{"start":{"line":303,"column":9},"end":{"line":303,"column":37}},{"start":{"line":303,"column":41},"end":{"line":303,"column":76}}]},"41":{"loc":{"start":{"line":307,"column":5},"end":{"line":309,"column":6}},"type":"if","locations":[{"start":{"line":307,"column":5},"end":{"line":309,"column":6}},{"start":{},"end":{}}]},"42":{"loc":{"start":{"line":307,"column":9},"end":{"line":307,"column":87}},"type":"binary-expr","locations":[{"start":{"line":307,"column":9},"end":{"line":307,"column":39}},{"start":{"line":307,"column":43},"end":{"line":307,"column":87}}]},"43":{"loc":{"start":{"line":311,"column":5},"end":{"line":313,"column":6}},"type":"if","locations":[{"start":{"line":311,"column":5},"end":{"line":313,"column":6}},{"start":{},"end":{}}]},"44":{"loc":{"start":{"line":311,"column":9},"end":{"line":311,"column":82}},"type":"binary-expr","locations":[{"start":{"line":311,"column":9},"end":{"line":311,"column":40}},{"start":{"line":311,"column":44},"end":{"line":311,"column":82}}]},"45":{"loc":{"start":{"line":338,"column":26},"end":{"line":342,"column":57}},"type":"binary-expr","locations":[{"start":{"line":338,"column":26},"end":{"line":338,"column":31}},{"start":{"line":339,"column":8},"end":{"line":339,"column":34}},{"start":{"line":340,"column":7},"end":{"line":340,"column":34}},{"start":{"line":341,"column":8},"end":{"line":341,"column":22}},{"start":{"line":341,"column":26},"end":{"line":341,"column":54}},{"start":{"line":342,"column":8},"end":{"line":342,"column":22}},{"start":{"line":342,"column":26},"end":{"line":342,"column":55}}]},"46":{"loc":{"start":{"line":344,"column":6},"end":{"line":347,"column":7}},"type":"if","locations":[{"start":{"line":344,"column":6},"end":{"line":347,"column":7}},{"start":{},"end":{}}]},"47":{"loc":{"start":{"line":344,"column":10},"end":{"line":344,"column":50}},"type":"binary-expr","locations":[{"start":{"line":344,"column":10},"end":{"line":344,"column":22}},{"start":{"line":344,"column":26},"end":{"line":344,"column":50}}]},"48":{"loc":{"start":{"line":356,"column":5},"end":{"line":364,"column":6}},"type":"if","locations":[{"start":{"line":356,"column":5},"end":{"line":364,"column":6}},{"start":{},"end":{}}]},"49":{"loc":{"start":{"line":373,"column":4},"end":{"line":381,"column":5}},"type":"if","locations":[{"start":{"line":373,"column":4},"end":{"line":381,"column":5}},{"start":{},"end":{}}]}},"s":{"0":1,"1":8,"2":1,"3":7,"4":1,"5":6,"6":1,"7":5,"8":1,"9":4,"10":1,"11":3,"12":1,"13":2,"14":1,"15":1,"16":29,"17":20,"18":20,"19":20,"20":20,"21":20,"22":21,"23":21,"24":21,"25":21,"26":21,"27":21,"28":21,"29":17,"30":17,"31":1,"32":16,"33":4,"34":4,"35":4,"36":1,"37":3,"38":3,"39":1,"40":2,"41":18,"42":1,"43":18,"44":1,"45":18,"46":1,"47":18,"48":1,"49":18,"50":1,"51":18,"52":18,"53":18,"54":29,"55":29,"56":10,"57":19,"58":19,"59":19,"60":8,"61":11,"62":11,"63":11,"64":11,"65":18,"66":8,"67":8,"68":10,"69":11,"70":1,"71":1,"72":10,"73":10,"74":1},"f":{"0":8,"1":29,"2":20,"3":11},"b":{"0":[1,7],"1":[1,6],"2":[7,5,4],"3":[1,0],"4":[0,1],"5":[1,1],"6":[1,5],"7":[6,4],"8":[1,0],"9":[0,1],"10":[1,1],"11":[1,4],"12":[5,3],"13":[1,0],"14":[0,1],"15":[1,1],"16":[1,3],"17":[4,3,3],"18":[1,2],"19":[3,2],"20":[1,0],"21":[0,1],"22":[1,1],"23":[1,1],"24":[1,0],"25":[0,1],"26":[1,1],"27":[21,0],"28":[17,4],"29":[1,16],"30":[17,16],"31":[4,0],"32":[1,3],"33":[4,3],"34":[1,2],"35":[1,17],"36":[18,1],"37":[1,17],"38":[18,2],"39":[1,17],"40":[18,1],"41":[1,17],"42":[18,1],"43":[1,17],"44":[18,1],"45":[19,18,14,14,13,8,7],"46":[8,11],"47":[19,14],"48":[8,10],"49":[1,10]}}
}
