TN:
SF:credentials/AdyntelApi.credentials.ts
FN:7,(anonymous_0)
FNF:1
FNH:1
FNDA:12,(anonymous_0)
DA:7,1
DA:8,12
DA:9,12
DA:12,12
DA:13,12
DA:28,12
LF:6
LH:6
BRF:0
BRH:0
end_of_record
TN:
SF:nodes/Adyntel/Adyntel.node.ts
FN:10,getErrorMessage
FN:49,(anonymous_1)
FN:237,(anonymous_2)
FN:352,(anonymous_3)
FNF:4
FNH:4
FNDA:8,getErrorMessage
FNDA:29,(anonymous_1)
FNDA:20,(anonymous_2)
FNDA:11,(anonymous_3)
DA:1,1
DA:11,8
DA:12,1
DA:16,7
DA:17,1
DA:21,6
DA:22,1
DA:26,5
DA:27,1
DA:31,4
DA:32,1
DA:36,3
DA:37,1
DA:41,2
DA:42,1
DA:46,1
DA:49,1
DA:50,29
DA:238,20
DA:239,20
DA:240,20
DA:242,20
DA:243,21
DA:244,21
DA:246,21
DA:247,21
DA:248,21
DA:251,21
DA:257,21
DA:258,17
DA:261,17
DA:262,1
DA:269,16
DA:270,4
DA:271,4
DA:274,4
DA:275,1
DA:282,3
DA:283,3
DA:284,1
DA:291,2
DA:295,18
DA:296,1
DA:299,18
DA:300,1
DA:303,18
DA:304,1
DA:307,18
DA:308,1
DA:311,18
DA:312,1
DA:317,18
DA:318,18
DA:321,18
DA:322,29
DA:323,29
DA:333,10
DA:335,19
DA:338,19
DA:344,19
DA:346,8
DA:350,11
DA:351,11
DA:352,11
DA:356,18
DA:358,8
DA:359,8
DA:367,10
DA:373,11
DA:374,1
DA:380,1
DA:382,10
DA:386,10
LF:73
LH:73
BRDA:11,0,0,1
BRDA:11,0,1,7
BRDA:16,1,0,1
BRDA:16,1,1,6
BRDA:16,2,0,7
BRDA:16,2,1,5
BRDA:16,2,2,4
BRDA:17,3,0,1
BRDA:17,3,1,0
BRDA:17,4,0,0
BRDA:17,4,1,1
BRDA:17,5,0,1
BRDA:17,5,1,1
BRDA:21,6,0,1
BRDA:21,6,1,5
BRDA:21,7,0,6
BRDA:21,7,1,4
BRDA:22,8,0,1
BRDA:22,8,1,0
BRDA:22,9,0,0
BRDA:22,9,1,1
BRDA:22,10,0,1
BRDA:22,10,1,1
BRDA:26,11,0,1
BRDA:26,11,1,4
BRDA:26,12,0,5
BRDA:26,12,1,3
BRDA:27,13,0,1
BRDA:27,13,1,0
BRDA:27,14,0,0
BRDA:27,14,1,1
BRDA:27,15,0,1
BRDA:27,15,1,1
BRDA:31,16,0,1
BRDA:31,16,1,3
BRDA:31,17,0,4
BRDA:31,17,1,3
BRDA:31,17,2,3
BRDA:36,18,0,1
BRDA:36,18,1,2
BRDA:36,19,0,3
BRDA:36,19,1,2
BRDA:37,20,0,1
BRDA:37,20,1,0
BRDA:37,21,0,0
BRDA:37,21,1,1
BRDA:37,22,0,1
BRDA:37,22,1,1
BRDA:41,23,0,1
BRDA:41,23,1,1
BRDA:42,24,0,1
BRDA:42,24,1,0
BRDA:42,25,0,0
BRDA:42,25,1,1
BRDA:42,26,0,1
BRDA:42,26,1,1
BRDA:246,27,0,21
BRDA:246,27,1,0
BRDA:257,28,0,17
BRDA:257,28,1,4
BRDA:261,29,0,1
BRDA:261,29,1,16
BRDA:261,30,0,17
BRDA:261,30,1,16
BRDA:270,31,0,4
BRDA:270,31,1,0
BRDA:274,32,0,1
BRDA:274,32,1,3
BRDA:274,33,0,4
BRDA:274,33,1,3
BRDA:283,34,0,1
BRDA:283,34,1,2
BRDA:295,35,0,1
BRDA:295,35,1,17
BRDA:295,36,0,18
BRDA:295,36,1,1
BRDA:299,37,0,1
BRDA:299,37,1,17
BRDA:299,38,0,18
BRDA:299,38,1,2
BRDA:303,39,0,1
BRDA:303,39,1,17
BRDA:303,40,0,18
BRDA:303,40,1,1
BRDA:307,41,0,1
BRDA:307,41,1,17
BRDA:307,42,0,18
BRDA:307,42,1,1
BRDA:311,43,0,1
BRDA:311,43,1,17
BRDA:311,44,0,18
BRDA:311,44,1,1
BRDA:338,45,0,19
BRDA:338,45,1,18
BRDA:338,45,2,14
BRDA:338,45,3,14
BRDA:338,45,4,13
BRDA:338,45,5,8
BRDA:338,45,6,7
BRDA:344,46,0,8
BRDA:344,46,1,11
BRDA:344,47,0,19
BRDA:344,47,1,14
BRDA:356,48,0,8
BRDA:356,48,1,10
BRDA:373,49,0,1
BRDA:373,49,1,10
BRF:107
BRH:95
end_of_record
